\BOOKMARK [2][-]{Doc-Start}{slide-3}{}% 1
\BOOKMARK [2][-]{Doc-Start}{unit_110}{}% 2
\BOOKMARK [1][-]{Doc-Start}{Knowledge\040of\040Colour:\040a\040Question}{}% 3
\BOOKMARK [2][-]{section*.1}{slide-5}{Doc-Start}% 4
\BOOKMARK [2][-]{section*.1}{unit_111}{Doc-Start}% 5
\BOOKMARK [1][-]{section*.1}{Categorical\040Perception\040of\040Colour}{}% 6
\BOOKMARK [2][-]{section*.2}{slide-8}{section*.1}% 7
\BOOKMARK [2][-]{section*.2}{slide-10}{section*.1}% 8
\BOOKMARK [2][-]{section*.2}{slide-12}{section*.1}% 9
\BOOKMARK [2][-]{section*.2}{slide-13}{section*.1}% 10
\BOOKMARK [2][-]{section*.2}{slide-14}{section*.1}% 11
\BOOKMARK [2][-]{section*.2}{slide-15}{section*.1}% 12
\BOOKMARK [2][-]{section*.2}{slide-16}{section*.1}% 13
\BOOKMARK [2][-]{section*.2}{slide-17}{section*.1}% 14
\BOOKMARK [2][-]{section*.2}{slide-20}{section*.1}% 15
\BOOKMARK [2][-]{section*.2}{slide-21}{section*.1}% 16
\BOOKMARK [2][-]{section*.2}{categorical_perception_df}{section*.1}% 17
\BOOKMARK [2][-]{section*.2}{slide-25}{section*.1}% 18
\BOOKMARK [2][-]{section*.2}{slide-28}{section*.1}% 19
\BOOKMARK [2][-]{section*.2}{slide-29}{section*.1}% 20
\BOOKMARK [2][-]{section*.2}{slide-39}{section*.1}% 21
\BOOKMARK [2][-]{section*.2}{slide-42}{section*.1}% 22
\BOOKMARK [2][-]{section*.2}{slide-43}{section*.1}% 23
\BOOKMARK [2][-]{section*.2}{slide-44}{section*.1}% 24
\BOOKMARK [2][-]{section*.2}{slide-54}{section*.1}% 25
\BOOKMARK [2][-]{section*.2}{slide-56}{section*.1}% 26
\BOOKMARK [2][-]{section*.2}{slide-60}{section*.1}% 27
\BOOKMARK [2][-]{section*.2}{slide-61}{section*.1}% 28
\BOOKMARK [2][-]{section*.2}{slide-65}{section*.1}% 29
\BOOKMARK [2][-]{section*.2}{slide-66}{section*.1}% 30
\BOOKMARK [2][-]{section*.2}{slide-71}{section*.1}% 31
\BOOKMARK [2][-]{section*.2}{slide-76}{section*.1}% 32
\BOOKMARK [2][-]{section*.2}{unit_121}{section*.1}% 33
\BOOKMARK [1][-]{section*.2}{Categorical\040Perception\040in\040Infancy}{}% 34
\BOOKMARK [2][-]{section*.3}{slide-80}{section*.2}% 35
\BOOKMARK [2][-]{section*.3}{slide-86}{section*.2}% 36
\BOOKMARK [2][-]{section*.3}{slide-92}{section*.2}% 37
\BOOKMARK [2][-]{section*.3}{slide-93}{section*.2}% 38
\BOOKMARK [2][-]{section*.3}{slide-94}{section*.2}% 39
\BOOKMARK [2][-]{section*.3}{slide-110}{section*.2}% 40
\BOOKMARK [2][-]{section*.3}{slide-113}{section*.2}% 41
\BOOKMARK [2][-]{section*.3}{unit_131}{section*.2}% 42
\BOOKMARK [1][-]{section*.3}{Categorical\040Perception\040and\040Knowledge}{}% 43
\BOOKMARK [2][-]{section*.4}{slide-115}{section*.3}% 44
\BOOKMARK [2][-]{section*.4}{slide-116}{section*.3}% 45
\BOOKMARK [2][-]{section*.4}{slide-117}{section*.3}% 46
\BOOKMARK [2][-]{section*.4}{slide-118}{section*.3}% 47
\BOOKMARK [2][-]{section*.4}{slide-121}{section*.3}% 48
\BOOKMARK [2][-]{section*.4}{slide-123}{section*.3}% 49
\BOOKMARK [2][-]{section*.4}{building_blocks_view_1}{section*.3}% 50
\BOOKMARK [2][-]{section*.4}{slide-127}{section*.3}% 51
\BOOKMARK [2][-]{section*.4}{slide-129}{section*.3}% 52
\BOOKMARK [2][-]{section*.4}{slide-130}{section*.3}% 53
\BOOKMARK [2][-]{section*.4}{slide-135}{section*.3}% 54
\BOOKMARK [2][-]{section*.4}{slide-136}{section*.3}% 55
\BOOKMARK [2][-]{section*.4}{slide-139}{section*.3}% 56
\BOOKMARK [2][-]{section*.4}{building_blocks_view_2}{section*.3}% 57
\BOOKMARK [2][-]{section*.4}{slide-144}{section*.3}% 58
\BOOKMARK [2][-]{section*.4}{slide-146}{section*.3}% 59
\BOOKMARK [2][-]{section*.4}{slide-147}{section*.3}% 60
\BOOKMARK [2][-]{section*.4}{slide-149}{section*.3}% 61
\BOOKMARK [2][-]{section*.4}{slide-150}{section*.3}% 62
\BOOKMARK [2][-]{section*.4}{slide-152}{section*.3}% 63
\BOOKMARK [2][-]{section*.4}{slide-153}{section*.3}% 64
\BOOKMARK [2][-]{section*.4}{slide-157}{section*.3}% 65
\BOOKMARK [2][-]{section*.4}{slide-160}{section*.3}% 66
\BOOKMARK [2][-]{section*.4}{slide-162}{section*.3}% 67
\BOOKMARK [2][-]{section*.4}{slide-163}{section*.3}% 68
\BOOKMARK [2][-]{section*.4}{slide-164}{section*.3}% 69
\BOOKMARK [2][-]{section*.4}{slide-165}{section*.3}% 70
\BOOKMARK [2][-]{section*.4}{slide-166}{section*.3}% 71
\BOOKMARK [2][-]{section*.4}{slide-168}{section*.3}% 72
\BOOKMARK [2][-]{section*.4}{slide-171}{section*.3}% 73
\BOOKMARK [2][-]{section*.4}{slide-172}{section*.3}% 74
\BOOKMARK [2][-]{section*.4}{slide-173}{section*.3}% 75
\BOOKMARK [2][-]{section*.4}{slide-174}{section*.3}% 76
\BOOKMARK [2][-]{section*.4}{unit_601_milan}{section*.3}% 77
\BOOKMARK [1][-]{section*.4}{Core\040Knowledge}{}% 78
\BOOKMARK [2][-]{section*.5}{slide-178}{section*.4}% 79
\BOOKMARK [2][-]{section*.5}{slide-180}{section*.4}% 80
\BOOKMARK [2][-]{section*.5}{slide-181}{section*.4}% 81
\BOOKMARK [2][-]{section*.5}{slide-183}{section*.4}% 82
\BOOKMARK [2][-]{section*.5}{slide-184}{section*.4}% 83
\BOOKMARK [2][-]{section*.5}{slide-187}{section*.4}% 84
\BOOKMARK [2][-]{section*.5}{slide-188}{section*.4}% 85
\BOOKMARK [2][-]{section*.5}{slide-189}{section*.4}% 86
\BOOKMARK [2][-]{section*.5}{slide-190}{section*.4}% 87
\BOOKMARK [2][-]{section*.5}{slide-191}{section*.4}% 88
\BOOKMARK [2][-]{section*.5}{slide-199}{section*.4}% 89
\BOOKMARK [2][-]{section*.5}{slide-200}{section*.4}% 90
\BOOKMARK [2][-]{section*.5}{slide-201}{section*.4}% 91
\BOOKMARK [2][-]{section*.5}{slide-203}{section*.4}% 92
\BOOKMARK [2][-]{section*.5}{slide-206}{section*.4}% 93
\BOOKMARK [2][-]{section*.5}{slide-207}{section*.4}% 94
\BOOKMARK [2][-]{section*.5}{slide-208}{section*.4}% 95
\BOOKMARK [2][-]{section*.5}{slide-214}{section*.4}% 96
\BOOKMARK [2][-]{section*.5}{slide-215}{section*.4}% 97
\BOOKMARK [2][-]{section*.5}{slide-216}{section*.4}% 98
\BOOKMARK [2][-]{section*.5}{slide-217}{section*.4}% 99
\BOOKMARK [2][-]{section*.5}{slide-218}{section*.4}% 100
\BOOKMARK [2][-]{section*.5}{slide-219}{section*.4}% 101
\BOOKMARK [2][-]{section*.5}{unit_141}{section*.4}% 102
\BOOKMARK [1][-]{section*.5}{Appendix:\040Categorical\040Perception\040in\040Infants\040and\040Adults\040\(Optional\)}{}% 103
\BOOKMARK [2][-]{section*.6}{slide-221}{section*.5}% 104
\BOOKMARK [2][-]{section*.6}{slide-223}{section*.5}% 105
\BOOKMARK [2][-]{section*.6}{slide-226}{section*.5}% 106
\BOOKMARK [2][-]{section*.6}{slide-228}{section*.5}% 107
\BOOKMARK [2][-]{section*.6}{slide-230}{section*.5}% 108
\BOOKMARK [2][-]{section*.6}{slide-231}{section*.5}% 109
\BOOKMARK [2][-]{section*.6}{slide-232}{section*.5}% 110
\BOOKMARK [2][-]{section*.6}{slide-233}{section*.5}% 111
\BOOKMARK [2][-]{section*.6}{slide-234}{section*.5}% 112
