\BOOKMARK [2][-]{Doc-Start}{title-slide}{}% 1
\BOOKMARK [1][-]{Doc-Start}{Objects\040vs\040Features}{}% 2
\BOOKMARK [2][-]{section*.1}{slide-3}{Doc-Start}% 3
\BOOKMARK [2][-]{section*.1}{segment_persist_interact}{Doc-Start}% 4
\BOOKMARK [2][-]{section*.1}{slide-7}{Doc-Start}% 5
\BOOKMARK [2][-]{section*.1}{slide-8}{Doc-Start}% 6
\BOOKMARK [2][-]{section*.1}{slide-9}{Doc-Start}% 7
\BOOKMARK [2][-]{section*.1}{slide-17}{Doc-Start}% 8
\BOOKMARK [2][-]{section*.1}{slide-18}{Doc-Start}% 9
\BOOKMARK [2][-]{section*.1}{slide-26}{Doc-Start}% 10
\BOOKMARK [2][-]{section*.1}{slide-27}{Doc-Start}% 11
\BOOKMARK [2][-]{section*.1}{slide-31}{Doc-Start}% 12
\BOOKMARK [2][-]{section*.1}{slide-32}{Doc-Start}% 13
\BOOKMARK [2][-]{section*.1}{slide-33}{Doc-Start}% 14
\BOOKMARK [2][-]{section*.1}{unit_171}{Doc-Start}% 15
\BOOKMARK [1][-]{section*.1}{Segmentation\040and\040the\040Principles\040of\040Object\040Perception}{}% 16
\BOOKMARK [2][-]{section*.2}{slide-35}{section*.1}% 17
\BOOKMARK [2][-]{section*.2}{slide-36}{section*.1}% 18
\BOOKMARK [2][-]{section*.2}{slide-37}{section*.1}% 19
\BOOKMARK [2][-]{section*.2}{slide-38}{section*.1}% 20
\BOOKMARK [2][-]{section*.2}{slide-40}{section*.1}% 21
\BOOKMARK [2][-]{section*.2}{slide-42}{section*.1}% 22
\BOOKMARK [2][-]{section*.2}{slide-43}{section*.1}% 23
\BOOKMARK [2][-]{section*.2}{slide-44}{section*.1}% 24
\BOOKMARK [2][-]{section*.2}{slide-45}{section*.1}% 25
\BOOKMARK [2][-]{section*.2}{slide-46}{section*.1}% 26
\BOOKMARK [2][-]{section*.2}{slide-47}{section*.1}% 27
\BOOKMARK [2][-]{section*.2}{slide-48}{section*.1}% 28
\BOOKMARK [2][-]{section*.2}{slide-49}{section*.1}% 29
\BOOKMARK [2][-]{section*.2}{slide-50}{section*.1}% 30
\BOOKMARK [2][-]{section*.2}{slide-51}{section*.1}% 31
\BOOKMARK [2][-]{section*.2}{slide-52}{section*.1}% 32
\BOOKMARK [2][-]{section*.2}{slide-53}{section*.1}% 33
\BOOKMARK [2][-]{section*.2}{slide-55}{section*.1}% 34
\BOOKMARK [2][-]{section*.2}{slide-56}{section*.1}% 35
\BOOKMARK [2][-]{section*.2}{slide-58}{section*.1}% 36
\BOOKMARK [2][-]{section*.2}{slide-61}{section*.1}% 37
\BOOKMARK [2][-]{section*.2}{slide-62}{section*.1}% 38
\BOOKMARK [2][-]{section*.2}{slide-66}{section*.1}% 39
\BOOKMARK [2][-]{Item.4}{slide-67}{section*.1}% 40
\BOOKMARK [2][-]{Item.4}{slide-68}{section*.1}% 41
\BOOKMARK [2][-]{Item.4}{slide-69}{section*.1}% 42
\BOOKMARK [2][-]{Item.4}{slide-71}{section*.1}% 43
\BOOKMARK [2][-]{Item.4}{unit_181}{section*.1}% 44
\BOOKMARK [1][-]{Item.4}{Permanence}{}% 45
\BOOKMARK [2][-]{section*.3}{slide-74}{Item.4}% 46
\BOOKMARK [2][-]{section*.3}{slide-76}{Item.4}% 47
\BOOKMARK [2][-]{section*.3}{slide-77}{Item.4}% 48
\BOOKMARK [2][-]{section*.3}{slide-78}{Item.4}% 49
\BOOKMARK [2][-]{section*.3}{slide-81}{Item.4}% 50
\BOOKMARK [2][-]{section*.3}{slide-83}{Item.4}% 51
\BOOKMARK [2][-]{section*.3}{slide-84}{Item.4}% 52
\BOOKMARK [2][-]{section*.3}{slide-86}{Item.4}% 53
\BOOKMARK [2][-]{section*.3}{slide-89}{Item.4}% 54
\BOOKMARK [2][-]{section*.3}{slide-90}{Item.4}% 55
\BOOKMARK [2][-]{section*.3}{slide-91}{Item.4}% 56
\BOOKMARK [2][-]{section*.3}{slide-98}{Item.4}% 57
\BOOKMARK [2][-]{section*.3}{slide-100}{Item.4}% 58
\BOOKMARK [2][-]{section*.3}{slide-101}{Item.4}% 59
\BOOKMARK [2][-]{section*.3}{slide-104}{Item.4}% 60
\BOOKMARK [2][-]{section*.3}{slide-105}{Item.4}% 61
\BOOKMARK [2][-]{section*.3}{slide-106}{Item.4}% 62
\BOOKMARK [2][-]{section*.3}{slide-107}{Item.4}% 63
\BOOKMARK [2][-]{section*.3}{slide-108}{Item.4}% 64
\BOOKMARK [2][-]{section*.3}{slide-109}{Item.4}% 65
\BOOKMARK [2][-]{section*.3}{slide-110}{Item.4}% 66
\BOOKMARK [2][-]{section*.3}{slide-117}{Item.4}% 67
\BOOKMARK [2][-]{section*.3}{slide-118}{Item.4}% 68
\BOOKMARK [2][-]{section*.3}{slide-123}{Item.4}% 69
\BOOKMARK [2][-]{section*.3}{slide-124}{Item.4}% 70
\BOOKMARK [2][-]{Item.12}{slide-125}{Item.4}% 71
\BOOKMARK [2][-]{Item.12}{unit_201}{Item.4}% 72
\BOOKMARK [1][-]{Item.12}{Causal\040Interactions}{}% 73
\BOOKMARK [2][-]{section*.4}{slide-127}{Item.12}% 74
\BOOKMARK [2][-]{section*.4}{slide-128}{Item.12}% 75
\BOOKMARK [2][-]{section*.4}{slide-130}{Item.12}% 76
\BOOKMARK [2][-]{section*.4}{slide-132}{Item.12}% 77
\BOOKMARK [2][-]{section*.4}{slide-134}{Item.12}% 78
\BOOKMARK [2][-]{section*.4}{slide-135}{Item.12}% 79
\BOOKMARK [2][-]{section*.4}{slide-136}{Item.12}% 80
\BOOKMARK [2][-]{section*.4}{slide-137}{Item.12}% 81
\BOOKMARK [2][-]{section*.4}{slide-138}{Item.12}% 82
\BOOKMARK [2][-]{section*.4}{slide-139}{Item.12}% 83
\BOOKMARK [2][-]{section*.4}{slide-140}{Item.12}% 84
\BOOKMARK [2][-]{section*.4}{slide-141}{Item.12}% 85
\BOOKMARK [2][-]{section*.4}{slide-144}{Item.12}% 86
\BOOKMARK [2][-]{section*.4}{unit_206}{Item.12}% 87
\BOOKMARK [1][-]{section*.4}{Recap\040and\040Questions}{}% 88
\BOOKMARK [2][-]{section*.5}{slide-146}{section*.4}% 89
\BOOKMARK [2][-]{section*.5}{slide-147}{section*.4}% 90
\BOOKMARK [2][-]{section*.5}{slide-150}{section*.4}% 91
\BOOKMARK [2][-]{section*.5}{slide-151}{section*.4}% 92
\BOOKMARK [2][-]{section*.5}{slide-152}{section*.4}% 93
\BOOKMARK [2][-]{section*.5}{slide-153}{section*.4}% 94
\BOOKMARK [2][-]{section*.5}{unit_207}{section*.4}% 95
\BOOKMARK [1][-]{section*.5}{A\040Problem}{}% 96
\BOOKMARK [2][-]{section*.6}{slide-155}{section*.5}% 97
\BOOKMARK [2][-]{section*.6}{slide-157}{section*.5}% 98
\BOOKMARK [2][-]{section*.6}{slide-159}{section*.5}% 99
\BOOKMARK [2][-]{section*.6}{slide-161}{section*.5}% 100
\BOOKMARK [2][-]{section*.6}{slide-163}{section*.5}% 101
\BOOKMARK [2][-]{section*.6}{slide-164}{section*.5}% 102
\BOOKMARK [2][-]{section*.6}{slide-165}{section*.5}% 103
\BOOKMARK [2][-]{section*.6}{slide-166}{section*.5}% 104
\BOOKMARK [2][-]{section*.6}{slide-167}{section*.5}% 105
\BOOKMARK [2][-]{section*.6}{slide-168}{section*.5}% 106
\BOOKMARK [2][-]{section*.6}{slide-169}{section*.5}% 107
\BOOKMARK [2][-]{section*.6}{slide-170}{section*.5}% 108
\BOOKMARK [2][-]{section*.6}{slide-171}{section*.5}% 109
\BOOKMARK [2][-]{section*.6}{slide-172}{section*.5}% 110
\BOOKMARK [2][-]{section*.6}{slide-173}{section*.5}% 111
\BOOKMARK [2][-]{section*.6}{slide-174}{section*.5}% 112
\BOOKMARK [2][-]{section*.6}{slide-175}{section*.5}% 113
\BOOKMARK [2][-]{section*.6}{slide-176}{section*.5}% 114
\BOOKMARK [2][-]{section*.6}{slide-177}{section*.5}% 115
\BOOKMARK [2][-]{section*.6}{slide-178}{section*.5}% 116
\BOOKMARK [2][-]{section*.6}{slide-179}{section*.5}% 117
\BOOKMARK [2][-]{section*.6}{slide-181}{section*.5}% 118
\BOOKMARK [2][-]{section*.6}{slide-185}{section*.5}% 119
\BOOKMARK [2][-]{section*.6}{slide-186}{section*.5}% 120
\BOOKMARK [2][-]{section*.6}{slide-187}{section*.5}% 121
\BOOKMARK [2][-]{section*.6}{slide-188}{section*.5}% 122
\BOOKMARK [2][-]{section*.6}{slide-189}{section*.5}% 123
\BOOKMARK [2][-]{section*.6}{slide-191}{section*.5}% 124
\BOOKMARK [2][-]{section*.6}{unit_211}{section*.5}% 125
\BOOKMARK [1][-]{section*.6}{Like\040Knowledge\040and\040Like\040Not\040Knowledge}{}% 126
\BOOKMARK [2][-]{section*.7}{slide-193}{section*.6}% 127
\BOOKMARK [2][-]{section*.7}{slide-194}{section*.6}% 128
\BOOKMARK [2][-]{section*.7}{slide-195}{section*.6}% 129
\BOOKMARK [2][-]{section*.7}{slide-196}{section*.6}% 130
\BOOKMARK [2][-]{section*.7}{slide-197}{section*.6}% 131
\BOOKMARK [2][-]{section*.7}{slide-199}{section*.6}% 132
\BOOKMARK [2][-]{section*.7}{slide-201}{section*.6}% 133
\BOOKMARK [2][-]{section*.7}{slide-203}{section*.6}% 134
\BOOKMARK [2][-]{section*.7}{slide-204}{section*.6}% 135
\BOOKMARK [2][-]{section*.7}{slide-205}{section*.6}% 136
\BOOKMARK [2][-]{section*.7}{slide-206}{section*.6}% 137
\BOOKMARK [2][-]{section*.7}{slide-207}{section*.6}% 138
\BOOKMARK [2][-]{section*.7}{slide-208}{section*.6}% 139
\BOOKMARK [2][-]{section*.7}{slide-210}{section*.6}% 140
\BOOKMARK [2][-]{section*.7}{slide-211}{section*.6}% 141
