\BOOKMARK [2][-]{Doc-Start}{slide-3}{}% 1
\BOOKMARK [2][-]{Doc-Start}{slide-5}{}% 2
\BOOKMARK [2][-]{Doc-Start}{unit_221}{}% 3
\BOOKMARK [1][-]{Doc-Start}{Recap:\040The\040Simple\040View,\040Not}{}% 4
\BOOKMARK [2][-]{section*.1}{slide-7}{Doc-Start}% 5
\BOOKMARK [2][-]{section*.1}{slide-8}{Doc-Start}% 6
\BOOKMARK [2][-]{section*.1}{slide-9}{Doc-Start}% 7
\BOOKMARK [2][-]{section*.1}{slide-10}{Doc-Start}% 8
\BOOKMARK [2][-]{section*.1}{slide-11}{Doc-Start}% 9
\BOOKMARK [2][-]{section*.1}{slide-12}{Doc-Start}% 10
\BOOKMARK [2][-]{section*.1}{slide-13}{Doc-Start}% 11
\BOOKMARK [2][-]{section*.1}{slide-14}{Doc-Start}% 12
\BOOKMARK [2][-]{section*.1}{slide-17}{Doc-Start}% 13
\BOOKMARK [2][-]{section*.1}{slide-18}{Doc-Start}% 14
\BOOKMARK [2][-]{section*.1}{slide-19}{Doc-Start}% 15
\BOOKMARK [2][-]{section*.1}{slide-20}{Doc-Start}% 16
\BOOKMARK [2][-]{section*.1}{slide-22}{Doc-Start}% 17
\BOOKMARK [2][-]{section*.1}{slide-23}{Doc-Start}% 18
\BOOKMARK [2][-]{section*.1}{slide-27}{Doc-Start}% 19
\BOOKMARK [2][-]{section*.1}{slide-28}{Doc-Start}% 20
\BOOKMARK [2][-]{section*.1}{unit_251}{Doc-Start}% 21
\BOOKMARK [1][-]{section*.1}{Perception\040of\040Causation}{}% 22
\BOOKMARK [2][-]{section*.2}{slide-30}{section*.1}% 23
\BOOKMARK [2][-]{section*.2}{slide-31}{section*.1}% 24
\BOOKMARK [2][-]{section*.2}{slide-32}{section*.1}% 25
\BOOKMARK [2][-]{section*.2}{slide-33}{section*.1}% 26
\BOOKMARK [2][-]{section*.2}{slide-35}{section*.1}% 27
\BOOKMARK [2][-]{section*.2}{slide-37}{section*.1}% 28
\BOOKMARK [2][-]{section*.2}{slide-38}{section*.1}% 29
\BOOKMARK [2][-]{section*.2}{slide-39}{section*.1}% 30
\BOOKMARK [2][-]{section*.2}{slide-40}{section*.1}% 31
\BOOKMARK [2][-]{section*.2}{slide-41}{section*.1}% 32
\BOOKMARK [2][-]{section*.2}{slide-43}{section*.1}% 33
\BOOKMARK [2][-]{section*.2}{slide-45}{section*.1}% 34
\BOOKMARK [2][-]{section*.2}{slide-46}{section*.1}% 35
\BOOKMARK [2][-]{section*.2}{slide-47}{section*.1}% 36
\BOOKMARK [2][-]{section*.2}{slide-48}{section*.1}% 37
\BOOKMARK [2][-]{section*.2}{slide-49}{section*.1}% 38
\BOOKMARK [2][-]{section*.2}{slide-51}{section*.1}% 39
\BOOKMARK [2][-]{section*.2}{slide-52}{section*.1}% 40
\BOOKMARK [2][-]{section*.2}{slide-53}{section*.1}% 41
\BOOKMARK [2][-]{section*.2}{slide-54}{section*.1}% 42
\BOOKMARK [2][-]{section*.2}{slide-56}{section*.1}% 43
\BOOKMARK [2][-]{section*.2}{slide-57}{section*.1}% 44
\BOOKMARK [2][-]{section*.2}{slide-59}{section*.1}% 45
\BOOKMARK [2][-]{section*.2}{slide-60}{section*.1}% 46
\BOOKMARK [2][-]{section*.2}{slide-61}{section*.1}% 47
\BOOKMARK [2][-]{section*.2}{slide-63}{section*.1}% 48
\BOOKMARK [2][-]{section*.2}{slide-64}{section*.1}% 49
\BOOKMARK [2][-]{section*.2}{slide-65}{section*.1}% 50
\BOOKMARK [2][-]{section*.2}{slide-68}{section*.1}% 51
\BOOKMARK [2][-]{section*.2}{slide-69}{section*.1}% 52
\BOOKMARK [2][-]{section*.2}{unit_261}{section*.1}% 53
\BOOKMARK [1][-]{section*.2}{Object\040Indexes\040and\040Causal\040Interactions}{}% 54
\BOOKMARK [2][-]{section*.3}{slide-72}{section*.2}% 55
\BOOKMARK [2][-]{section*.3}{slide-78}{section*.2}% 56
\BOOKMARK [2][-]{section*.3}{slide-79}{section*.2}% 57
\BOOKMARK [2][-]{section*.3}{slide-84}{section*.2}% 58
\BOOKMARK [2][-]{section*.3}{slide-87}{section*.2}% 59
\BOOKMARK [2][-]{section*.3}{slide-88}{section*.2}% 60
\BOOKMARK [2][-]{section*.3}{slide-89}{section*.2}% 61
\BOOKMARK [2][-]{section*.3}{slide-90}{section*.2}% 62
\BOOKMARK [2][-]{section*.3}{slide-91}{section*.2}% 63
\BOOKMARK [2][-]{section*.3}{slide-92}{section*.2}% 64
\BOOKMARK [2][-]{section*.3}{slide-93}{section*.2}% 65
\BOOKMARK [2][-]{section*.3}{slide-94}{section*.2}% 66
\BOOKMARK [2][-]{section*.3}{slide-99}{section*.2}% 67
\BOOKMARK [2][-]{section*.3}{slide-100}{section*.2}% 68
\BOOKMARK [2][-]{section*.3}{unit_266}{section*.2}% 69
\BOOKMARK [1][-]{section*.3}{Object\040Indexes\040and\040the\040Principles\040of\040Object\040Perception}{}% 70
\BOOKMARK [2][-]{section*.4}{slide-102}{section*.3}% 71
\BOOKMARK [2][-]{section*.4}{slide-103}{section*.3}% 72
\BOOKMARK [2][-]{section*.4}{slide-104}{section*.3}% 73
\BOOKMARK [2][-]{section*.4}{slide-106}{section*.3}% 74
\BOOKMARK [2][-]{section*.4}{slide-107}{section*.3}% 75
\BOOKMARK [2][-]{section*.4}{slide-108}{section*.3}% 76
\BOOKMARK [2][-]{section*.4}{slide-109}{section*.3}% 77
\BOOKMARK [2][-]{section*.4}{slide-110}{section*.3}% 78
\BOOKMARK [2][-]{section*.4}{slide-114}{section*.3}% 79
\BOOKMARK [2][-]{section*.4}{unit_271}{section*.3}% 80
\BOOKMARK [1][-]{section*.4}{Perceptual\040Expectations}{}% 81
\BOOKMARK [2][-]{section*.5}{slide-116}{section*.4}% 82
\BOOKMARK [2][-]{section*.5}{slide-117}{section*.4}% 83
\BOOKMARK [2][-]{section*.5}{slide-119}{section*.4}% 84
\BOOKMARK [2][-]{section*.5}{slide-120}{section*.4}% 85
\BOOKMARK [2][-]{section*.5}{slide-121}{section*.4}% 86
\BOOKMARK [2][-]{section*.5}{slide-122}{section*.4}% 87
\BOOKMARK [2][-]{section*.5}{slide-123}{section*.4}% 88
\BOOKMARK [2][-]{section*.5}{slide-124}{section*.4}% 89
\BOOKMARK [2][-]{section*.5}{slide-125}{section*.4}% 90
\BOOKMARK [2][-]{section*.5}{unit_281}{section*.4}% 91
\BOOKMARK [1][-]{section*.5}{Knowledge\040of\040Objects:\040Conclusions}{}% 92
\BOOKMARK [2][-]{section*.6}{unit_281-conclusions}{section*.5}% 93
\BOOKMARK [2][-]{section*.6}{slide-129}{section*.5}% 94
\BOOKMARK [2][-]{section*.6}{slide-130}{section*.5}% 95
\BOOKMARK [2][-]{section*.6}{slide-131}{section*.5}% 96
\BOOKMARK [2][-]{section*.6}{slide-135}{section*.5}% 97
\BOOKMARK [2][-]{section*.6}{slide-138}{section*.5}% 98
\BOOKMARK [2][-]{section*.6}{slide-139}{section*.5}% 99
\BOOKMARK [2][-]{section*.6}{slide-144}{section*.5}% 100
\BOOKMARK [2][-]{section*.6}{unit_601_milan}{section*.5}% 101
\BOOKMARK [1][-]{section*.6}{Core\040Knowledge}{}% 102
\BOOKMARK [2][-]{section*.7}{slide-146}{section*.6}% 103
\BOOKMARK [2][-]{section*.7}{slide-148}{section*.6}% 104
\BOOKMARK [2][-]{section*.7}{slide-149}{section*.6}% 105
\BOOKMARK [2][-]{section*.7}{slide-151}{section*.6}% 106
\BOOKMARK [2][-]{section*.7}{slide-152}{section*.6}% 107
\BOOKMARK [2][-]{section*.7}{slide-155}{section*.6}% 108
\BOOKMARK [2][-]{section*.7}{slide-156}{section*.6}% 109
\BOOKMARK [2][-]{section*.7}{slide-157}{section*.6}% 110
\BOOKMARK [2][-]{section*.7}{slide-158}{section*.6}% 111
\BOOKMARK [2][-]{section*.7}{slide-159}{section*.6}% 112
\BOOKMARK [2][-]{section*.7}{slide-167}{section*.6}% 113
\BOOKMARK [2][-]{section*.7}{slide-168}{section*.6}% 114
\BOOKMARK [2][-]{section*.7}{slide-169}{section*.6}% 115
\BOOKMARK [2][-]{section*.7}{slide-171}{section*.6}% 116
\BOOKMARK [2][-]{section*.7}{slide-174}{section*.6}% 117
\BOOKMARK [2][-]{section*.7}{slide-175}{section*.6}% 118
\BOOKMARK [2][-]{section*.7}{slide-176}{section*.6}% 119
\BOOKMARK [2][-]{section*.7}{slide-182}{section*.6}% 120
\BOOKMARK [2][-]{section*.7}{slide-183}{section*.6}% 121
\BOOKMARK [2][-]{section*.7}{slide-184}{section*.6}% 122
\BOOKMARK [2][-]{section*.7}{slide-185}{section*.6}% 123
\BOOKMARK [2][-]{section*.7}{slide-186}{section*.6}% 124
\BOOKMARK [2][-]{section*.7}{slide-187}{section*.6}% 125
