\BOOKMARK [2][-]{Doc-Start}{slide-3}{}% 1
\BOOKMARK [2][-]{Doc-Start}{slide-4}{}% 2
\BOOKMARK [2][-]{Doc-Start}{slide-5}{}% 3
\BOOKMARK [2][-]{Doc-Start}{slide-6}{}% 4
\BOOKMARK [2][-]{Doc-Start}{slide-7}{}% 5
\BOOKMARK [2][-]{Doc-Start}{unit_661}{}% 6
\BOOKMARK [1][-]{Doc-Start}{Pointing}{}% 7
\BOOKMARK [2][-]{section*.1}{slide-9}{Doc-Start}% 8
\BOOKMARK [2][-]{section*.1}{slide-10}{Doc-Start}% 9
\BOOKMARK [2][-]{section*.1}{slide-11}{Doc-Start}% 10
\BOOKMARK [2][-]{section*.1}{slide-13}{Doc-Start}% 11
\BOOKMARK [2][-]{section*.1}{slide-15}{Doc-Start}% 12
\BOOKMARK [2][-]{section*.1}{slide-18}{Doc-Start}% 13
\BOOKMARK [2][-]{section*.1}{slide-26}{Doc-Start}% 14
\BOOKMARK [2][-]{section*.1}{slide-28}{Doc-Start}% 15
\BOOKMARK [2][-]{section*.1}{slide-30}{Doc-Start}% 16
\BOOKMARK [2][-]{section*.1}{slide-32}{Doc-Start}% 17
\BOOKMARK [2][-]{section*.1}{slide-37}{Doc-Start}% 18
\BOOKMARK [2][-]{section*.1}{slide-39}{Doc-Start}% 19
\BOOKMARK [2][-]{section*.1}{slide-40}{Doc-Start}% 20
\BOOKMARK [2][-]{section*.1}{slide-41}{Doc-Start}% 21
\BOOKMARK [2][-]{section*.1}{slide-42}{Doc-Start}% 22
\BOOKMARK [2][-]{section*.1}{slide-45}{Doc-Start}% 23
\BOOKMARK [2][-]{section*.1}{unit_663}{Doc-Start}% 24
\BOOKMARK [1][-]{section*.1}{A\040Puzzle\040about\040Pointing}{}% 25
\BOOKMARK [2][-]{section*.2}{slide-47}{section*.1}% 26
\BOOKMARK [2][-]{section*.2}{slide-53}{section*.1}% 27
\BOOKMARK [2][-]{section*.2}{slide-57}{section*.1}% 28
\BOOKMARK [2][-]{section*.2}{slide-59}{section*.1}% 29
\BOOKMARK [2][-]{section*.2}{slide-61}{section*.1}% 30
\BOOKMARK [2][-]{section*.2}{slide-66}{section*.1}% 31
\BOOKMARK [2][-]{section*.2}{slide-67}{section*.1}% 32
\BOOKMARK [2][-]{section*.2}{slide-69}{section*.1}% 33
\BOOKMARK [2][-]{section*.2}{slide-70}{section*.1}% 34
\BOOKMARK [2][-]{section*.2}{slide-71}{section*.1}% 35
\BOOKMARK [2][-]{section*.2}{slide-72}{section*.1}% 36
\BOOKMARK [2][-]{section*.2}{slide-77}{section*.1}% 37
\BOOKMARK [2][-]{section*.2}{slide-81}{section*.1}% 38
\BOOKMARK [2][-]{section*.2}{slide-83}{section*.1}% 39
\BOOKMARK [2][-]{section*.2}{unit_671}{section*.1}% 40
\BOOKMARK [1][-]{section*.2}{What\040is\040a\040communicative\040action?}{}% 41
\BOOKMARK [2][-]{section*.3}{slide-85}{section*.2}% 42
\BOOKMARK [2][-]{section*.3}{slide-86}{section*.2}% 43
\BOOKMARK [2][-]{section*.3}{slide-88}{section*.2}% 44
\BOOKMARK [2][-]{section*.3}{slide-89}{section*.2}% 45
\BOOKMARK [2][-]{section*.3}{slide-90}{section*.2}% 46
\BOOKMARK [2][-]{section*.3}{slide-93}{section*.2}% 47
\BOOKMARK [2][-]{section*.3}{slide-96}{section*.2}% 48
\BOOKMARK [2][-]{section*.3}{slide-99}{section*.2}% 49
\BOOKMARK [2][-]{section*.3}{slide-100}{section*.2}% 50
\BOOKMARK [2][-]{section*.3}{slide-102}{section*.2}% 51
\BOOKMARK [2][-]{section*.3}{slide-103}{section*.2}% 52
\BOOKMARK [2][-]{section*.3}{slide-104}{section*.2}% 53
\BOOKMARK [2][-]{section*.3}{slide-114}{section*.2}% 54
\BOOKMARK [2][-]{section*.3}{slide-115}{section*.2}% 55
\BOOKMARK [2][-]{section*.3}{slide-116}{section*.2}% 56
\BOOKMARK [2][-]{section*.3}{slide-117}{section*.2}% 57
\BOOKMARK [2][-]{section*.3}{slide-118}{section*.2}% 58
\BOOKMARK [2][-]{section*.3}{slide-120}{section*.2}% 59
\BOOKMARK [2][-]{section*.3}{slide-123}{section*.2}% 60
\BOOKMARK [2][-]{section*.3}{slide-124}{section*.2}% 61
\BOOKMARK [2][-]{Item.2}{slide-126}{section*.2}% 62
\BOOKMARK [2][-]{Item.2}{slide-129}{section*.2}% 63
\BOOKMARK [2][-]{Item.2}{slide-130}{section*.2}% 64
\BOOKMARK [2][-]{Item.2}{slide-131}{section*.2}% 65
\BOOKMARK [2][-]{Item.2}{slide-133}{section*.2}% 66
\BOOKMARK [2][-]{Item.2}{slide-135}{section*.2}% 67
\BOOKMARK [2][-]{Item.2}{slide-136}{section*.2}% 68
\BOOKMARK [2][-]{Item.2}{slide-137}{section*.2}% 69
\BOOKMARK [2][-]{Item.2}{slide-138}{section*.2}% 70
\BOOKMARK [2][-]{Item.2}{slide-140}{section*.2}% 71
\BOOKMARK [2][-]{Item.2}{slide-142}{section*.2}% 72
\BOOKMARK [2][-]{Item.2}{slide-143}{section*.2}% 73
\BOOKMARK [2][-]{Item.2}{slide-146}{section*.2}% 74
\BOOKMARK [2][-]{Item.2}{slide-147}{section*.2}% 75
\BOOKMARK [2][-]{Item.2}{slide-148}{section*.2}% 76
\BOOKMARK [2][-]{Item.2}{slide-151}{section*.2}% 77
\BOOKMARK [2][-]{Item.2}{slide-153}{section*.2}% 78
\BOOKMARK [2][-]{Item.2}{slide-155}{section*.2}% 79
\BOOKMARK [2][-]{Item.2}{unit_681}{section*.2}% 80
\BOOKMARK [1][-]{Item.2}{Words\040and\040Communicative\040Actions}{}% 81
\BOOKMARK [2][-]{section*.4}{slide-188}{Item.2}% 82
\BOOKMARK [2][-]{section*.4}{slide-189}{Item.2}% 83
\BOOKMARK [2][-]{section*.4}{slide-190}{Item.2}% 84
\BOOKMARK [2][-]{section*.4}{slide-191}{Item.2}% 85
\BOOKMARK [2][-]{section*.4}{slide-192}{Item.2}% 86
\BOOKMARK [2][-]{section*.4}{slide-194}{Item.2}% 87
\BOOKMARK [2][-]{section*.4}{slide-196}{Item.2}% 88
