\BOOKMARK [2][-]{Doc-Start}{title-slide}{}% 1
\BOOKMARK [1][-]{Doc-Start}{The\040Question}{}% 2
\BOOKMARK [2][-]{section*.1}{slide-3}{Doc-Start}% 3
\BOOKMARK [2][-]{section*.1}{slide-4}{Doc-Start}% 4
\BOOKMARK [2][-]{section*.1}{slide-5}{Doc-Start}% 5
\BOOKMARK [2][-]{section*.1}{slide-8}{Doc-Start}% 6
\BOOKMARK [2][-]{section*.1}{slide-11}{Doc-Start}% 7
\BOOKMARK [2][-]{section*.1}{slide-13}{Doc-Start}% 8
\BOOKMARK [2][-]{section*.1}{slide-15}{Doc-Start}% 9
\BOOKMARK [2][-]{section*.1}{slide-18}{Doc-Start}% 10
\BOOKMARK [2][-]{section*.1}{unit_021}{Doc-Start}% 11
\BOOKMARK [1][-]{section*.1}{From\040Myths\040to\040Mechanisms}{}% 12
\BOOKMARK [2][-]{section*.2}{slide-20}{section*.1}% 13
\BOOKMARK [2][-]{section*.2}{slide-21}{section*.1}% 14
\BOOKMARK [2][-]{section*.2}{slide-23}{section*.1}% 15
\BOOKMARK [2][-]{section*.2}{slide-21}{section*.1}% 16
\BOOKMARK [2][-]{section*.2}{slide-24}{section*.1}% 17
\BOOKMARK [2][-]{section*.2}{slide-25}{section*.1}% 18
\BOOKMARK [2][-]{section*.2}{slide-29}{section*.1}% 19
\BOOKMARK [2][-]{section*.2}{unit_031}{section*.1}% 20
\BOOKMARK [1][-]{section*.2}{Davidon's\040Challenge}{}% 21
\BOOKMARK [2][-]{section*.3}{slide-31}{section*.2}% 22
\BOOKMARK [2][-]{section*.3}{slide-33}{section*.2}% 23
\BOOKMARK [2][-]{section*.3}{slide-35}{section*.2}% 24
\BOOKMARK [2][-]{section*.3}{slide-39}{section*.2}% 25
\BOOKMARK [2][-]{section*.3}{slide-31}{section*.2}% 26
\BOOKMARK [1][-]{section*.3}{An\040Illustration\040of\040Davidon's\040Challenge}{}% 27
\BOOKMARK [2][-]{section*.4}{slide-40}{section*.3}% 28
\BOOKMARK [2][-]{section*.4}{slide-44}{section*.3}% 29
\BOOKMARK [2][-]{section*.4}{slide-45}{section*.3}% 30
\BOOKMARK [2][-]{section*.4}{slide-46}{section*.3}% 31
\BOOKMARK [2][-]{section*.4}{slide-49}{section*.3}% 32
\BOOKMARK [2][-]{section*.4}{slide-52}{section*.3}% 33
\BOOKMARK [2][-]{section*.4}{slide-53}{section*.3}% 34
\BOOKMARK [2][-]{section*.4}{slide-55}{section*.3}% 35
\BOOKMARK [2][-]{section*.4}{slide-56}{section*.3}% 36
\BOOKMARK [2][-]{section*.4}{slide-57}{section*.3}% 37
\BOOKMARK [2][-]{section*.4}{slide-58}{section*.3}% 38
\BOOKMARK [2][-]{section*.4}{slide-59}{section*.3}% 39
\BOOKMARK [2][-]{section*.4}{032-discrepant-findings}{section*.3}% 40
\BOOKMARK [2][-]{section*.4}{slide-61}{section*.3}% 41
\BOOKMARK [2][-]{section*.4}{slide-65}{section*.3}% 42
\BOOKMARK [2][-]{section*.4}{slide-66}{section*.3}% 43
\BOOKMARK [2][-]{section*.4}{slide-67}{section*.3}% 44
\BOOKMARK [2][-]{section*.4}{slide-68}{section*.3}% 45
\BOOKMARK [2][-]{section*.4}{slide-70}{section*.3}% 46
\BOOKMARK [2][-]{section*.4}{slide-71}{section*.3}% 47
\BOOKMARK [2][-]{section*.4}{slide-73}{section*.3}% 48
\BOOKMARK [2][-]{section*.4}{slide-74}{section*.3}% 49
\BOOKMARK [2][-]{section*.4}{slide-75}{section*.3}% 50
\BOOKMARK [2][-]{section*.4}{slide-76}{section*.3}% 51
\BOOKMARK [2][-]{section*.4}{slide-78}{section*.3}% 52
\BOOKMARK [2][-]{section*.4}{slide-79}{section*.3}% 53
\BOOKMARK [2][-]{section*.4}{slide-80}{section*.3}% 54
\BOOKMARK [2][-]{section*.4}{slide-81}{section*.3}% 55
\BOOKMARK [2][-]{section*.4}{slide-82}{section*.3}% 56
\BOOKMARK [2][-]{section*.4}{slide-83}{section*.3}% 57
\BOOKMARK [2][-]{section*.4}{slide-84}{section*.3}% 58
\BOOKMARK [2][-]{section*.4}{slide-86}{section*.3}% 59
\BOOKMARK [2][-]{section*.4}{slide-87}{section*.3}% 60
\BOOKMARK [2][-]{section*.4}{unit_051}{section*.3}% 61
\BOOKMARK [1][-]{section*.4}{Two\040Breakthroughs}{}% 62
\BOOKMARK [2][-]{section*.5}{slide-90}{section*.4}% 63
\BOOKMARK [2][-]{section*.5}{slide-91}{section*.4}% 64
\BOOKMARK [2][-]{section*.5}{slide-93}{section*.4}% 65
\BOOKMARK [2][-]{section*.5}{slide-96}{section*.4}% 66
\BOOKMARK [2][-]{section*.5}{slide-97}{section*.4}% 67
\BOOKMARK [2][-]{section*.5}{slide-100}{section*.4}% 68
\BOOKMARK [2][-]{section*.5}{slide-101}{section*.4}% 69
\BOOKMARK [2][-]{section*.5}{slide-102}{section*.4}% 70
\BOOKMARK [2][-]{section*.5}{slide-103}{section*.4}% 71
