\BOOKMARK [2][-]{Doc-Start}{title-slide}{}% 1
\BOOKMARK [1][-]{Doc-Start}{Action:\040The\040Basics}{}% 2
\BOOKMARK [2][-]{section*.1}{slide-3}{Doc-Start}% 3
\BOOKMARK [2][-]{section*.1}{slide-4}{Doc-Start}% 4
\BOOKMARK [2][-]{section*.1}{slide-6}{Doc-Start}% 5
\BOOKMARK [2][-]{section*.1}{slide-7}{Doc-Start}% 6
\BOOKMARK [2][-]{section*.1}{slide-9}{Doc-Start}% 7
\BOOKMARK [2][-]{section*.1}{slide-13}{Doc-Start}% 8
\BOOKMARK [2][-]{section*.1}{slide-14}{Doc-Start}% 9
\BOOKMARK [2][-]{section*.1}{slide-16}{Doc-Start}% 10
\BOOKMARK [2][-]{section*.1}{slide-17}{Doc-Start}% 11
\BOOKMARK [2][-]{section*.1}{slide-19}{Doc-Start}% 12
\BOOKMARK [2][-]{section*.1}{slide-20}{Doc-Start}% 13
\BOOKMARK [2][-]{section*.1}{slide-24}{Doc-Start}% 14
\BOOKMARK [2][-]{section*.1}{slide-25}{Doc-Start}% 15
\BOOKMARK [2][-]{section*.1}{slide-28}{Doc-Start}% 16
\BOOKMARK [2][-]{section*.1}{slide-29}{Doc-Start}% 17
\BOOKMARK [2][-]{section*.1}{slide-33}{Doc-Start}% 18
\BOOKMARK [2][-]{section*.1}{slide-35}{Doc-Start}% 19
\BOOKMARK [2][-]{section*.1}{slide-38}{Doc-Start}% 20
\BOOKMARK [2][-]{section*.1}{slide-41}{Doc-Start}% 21
\BOOKMARK [2][-]{section*.1}{slide-42}{Doc-Start}% 22
\BOOKMARK [2][-]{section*.1}{slide-43}{Doc-Start}% 23
\BOOKMARK [2][-]{section*.1}{slide-46}{Doc-Start}% 24
\BOOKMARK [2][-]{section*.1}{unit_706}{Doc-Start}% 25
\BOOKMARK [1][-]{section*.1}{How\040Do\040Infants\040Model\040Actions?}{}% 26
\BOOKMARK [2][-]{section*.2}{slide-50}{section*.1}% 27
\BOOKMARK [2][-]{section*.2}{slide-51}{section*.1}% 28
\BOOKMARK [2][-]{section*.2}{slide-52}{section*.1}% 29
\BOOKMARK [2][-]{section*.2}{slide-53}{section*.1}% 30
\BOOKMARK [2][-]{section*.2}{slide-54}{section*.1}% 31
\BOOKMARK [2][-]{section*.2}{slide-55}{section*.1}% 32
\BOOKMARK [2][-]{section*.2}{slide-56}{section*.1}% 33
\BOOKMARK [2][-]{section*.2}{slide-57}{section*.1}% 34
\BOOKMARK [2][-]{section*.2}{slide-58}{section*.1}% 35
\BOOKMARK [2][-]{section*.2}{slide-60}{section*.1}% 36
\BOOKMARK [2][-]{section*.2}{slide-61}{section*.1}% 37
\BOOKMARK [2][-]{section*.2}{slide-63}{section*.1}% 38
\BOOKMARK [2][-]{section*.2}{slide-64}{section*.1}% 39
\BOOKMARK [2][-]{section*.2}{slide-66}{section*.1}% 40
\BOOKMARK [2][-]{section*.2}{slide-68}{section*.1}% 41
\BOOKMARK [2][-]{section*.2}{unit_711}{section*.1}% 42
\BOOKMARK [1][-]{section*.2}{Does Infants’ Model of Action Involve Intentions?}{}% 43
\BOOKMARK [2][-]{section*.3}{slide-70}{section*.2}% 44
\BOOKMARK [2][-]{section*.3}{slide-71}{section*.2}% 45
\BOOKMARK [2][-]{section*.3}{slide-72}{section*.2}% 46
\BOOKMARK [2][-]{section*.3}{slide-73}{section*.2}% 47
\BOOKMARK [2][-]{section*.3}{slide-74}{section*.2}% 48
\BOOKMARK [2][-]{section*.3}{slide-75}{section*.2}% 49
\BOOKMARK [2][-]{section*.3}{slide-76}{section*.2}% 50
\BOOKMARK [2][-]{section*.3}{slide-79}{section*.2}% 51
\BOOKMARK [2][-]{section*.3}{slide-80}{section*.2}% 52
\BOOKMARK [2][-]{section*.3}{slide-81}{section*.2}% 53
\BOOKMARK [2][-]{section*.3}{slide-82}{section*.2}% 54
\BOOKMARK [2][-]{section*.3}{slide-83}{section*.2}% 55
\BOOKMARK [2][-]{section*.3}{slide-85}{section*.2}% 56
\BOOKMARK [2][-]{section*.3}{unit_712}{section*.2}% 57
\BOOKMARK [1][-]{section*.3}{Pure\040Goal\040Ascription:\040the\040Teleological\040Stance}{}% 58
\BOOKMARK [2][-]{section*.4}{slide-87}{section*.3}% 59
\BOOKMARK [2][-]{section*.4}{slide-89}{section*.3}% 60
\BOOKMARK [2][-]{section*.4}{slide-90}{section*.3}% 61
\BOOKMARK [2][-]{section*.4}{slide-92}{section*.3}% 62
\BOOKMARK [2][-]{section*.4}{slide-94}{section*.3}% 63
\BOOKMARK [2][-]{section*.4}{slide-95}{section*.3}% 64
\BOOKMARK [2][-]{Item.3}{slide-96}{section*.3}% 65
\BOOKMARK [2][-]{Item.3}{slide-97}{section*.3}% 66
\BOOKMARK [2][-]{Item.3}{slide-98}{section*.3}% 67
\BOOKMARK [2][-]{Item.3}{big-goal-ascription-slide}{section*.3}% 68
\BOOKMARK [2][-]{Item.6}{slide-101}{section*.3}% 69
\BOOKMARK [2][-]{Item.6}{slide-103}{section*.3}% 70
\BOOKMARK [2][-]{Item.6}{slide-106}{section*.3}% 71
\BOOKMARK [2][-]{Item.6}{slide-109}{section*.3}% 72
\BOOKMARK [2][-]{Item.6}{slide-111}{section*.3}% 73
\BOOKMARK [2][-]{Item.6}{slide-114}{section*.3}% 74
\BOOKMARK [2][-]{Item.6}{slide-119}{section*.3}% 75
\BOOKMARK [2][-]{Item.6}{slide-123}{section*.3}% 76
\BOOKMARK [2][-]{Item.6}{slide-124}{section*.3}% 77
\BOOKMARK [2][-]{Item.6}{slide-125}{section*.3}% 78
\BOOKMARK [2][-]{Item.6}{slide-126}{section*.3}% 79
\BOOKMARK [2][-]{Item.6}{slide-128}{section*.3}% 80
\BOOKMARK [2][-]{Item.6}{slide-130}{section*.3}% 81
\BOOKMARK [2][-]{Item.6}{slide-133}{section*.3}% 82
\BOOKMARK [2][-]{Item.6}{slide-137}{section*.3}% 83
\BOOKMARK [2][-]{Item.6}{slide-142}{section*.3}% 84
\BOOKMARK [2][-]{Item.6}{slide-143}{section*.3}% 85
\BOOKMARK [2][-]{Item.6}{slide-144}{section*.3}% 86
\BOOKMARK [2][-]{Item.6}{slide-145}{section*.3}% 87
\BOOKMARK [2][-]{Item.6}{slide-146}{section*.3}% 88
\BOOKMARK [2][-]{Item.6}{slide-150}{section*.3}% 89
\BOOKMARK [2][-]{Item.6}{slide-151}{section*.3}% 90
\BOOKMARK [2][-]{Item.6}{slide-153}{section*.3}% 91
\BOOKMARK [2][-]{Item.6}{slide-156}{section*.3}% 92
\BOOKMARK [2][-]{Item.6}{slide-158}{section*.3}% 93
\BOOKMARK [2][-]{Item.6}{slide-162}{section*.3}% 94
\BOOKMARK [2][-]{Item.6}{slide-163}{section*.3}% 95
\BOOKMARK [2][-]{Item.6}{slide-167}{section*.3}% 96
\BOOKMARK [2][-]{Item.6}{slide-168}{section*.3}% 97
\BOOKMARK [2][-]{Item.6}{slide-174}{section*.3}% 98
\BOOKMARK [2][-]{Item.6}{slide-175}{section*.3}% 99
\BOOKMARK [2][-]{Item.6}{slide-176}{section*.3}% 100
\BOOKMARK [2][-]{Item.6}{slide-177}{section*.3}% 101
\BOOKMARK [2][-]{Item.6}{slide-178}{section*.3}% 102
\BOOKMARK [2][-]{Item.6}{slide-179}{section*.3}% 103
\BOOKMARK [2][-]{Item.6}{slide-182}{section*.3}% 104
\BOOKMARK [2][-]{Item.6}{slide-185}{section*.3}% 105
\BOOKMARK [2][-]{Item.6}{slide-188}{section*.3}% 106
\BOOKMARK [2][-]{Item.6}{slide-189}{section*.3}% 107
\BOOKMARK [2][-]{Item.6}{slide-191}{section*.3}% 108
\BOOKMARK [2][-]{Item.6}{slide-193}{section*.3}% 109
\BOOKMARK [2][-]{Item.6}{slide-196}{section*.3}% 110
\BOOKMARK [2][-]{Item.6}{slide-197}{section*.3}% 111
\BOOKMARK [2][-]{Item.6}{slide-198}{section*.3}% 112
\BOOKMARK [2][-]{Item.6}{slide-199}{section*.3}% 113
\BOOKMARK [2][-]{Item.6}{slide-200}{section*.3}% 114
\BOOKMARK [2][-]{Item.6}{slide-201}{section*.3}% 115
\BOOKMARK [2][-]{Item.6}{slide-202}{section*.3}% 116
\BOOKMARK [2][-]{Item.6}{unit_741}{section*.3}% 117
\BOOKMARK [1][-]{Item.6}{From\040Action\040to\040Communication\040and\040Joint\040Action}{}% 118
\BOOKMARK [2][-]{section*.5}{slide-207}{Item.6}% 119
\BOOKMARK [2][-]{section*.5}{slide-209}{Item.6}% 120
\BOOKMARK [2][-]{section*.5}{slide-211}{Item.6}% 121
\BOOKMARK [2][-]{section*.5}{slide-214}{Item.6}% 122
