\BOOKMARK [2][-]{Doc-Start}{slide-3}{}% 1
\BOOKMARK [2][-]{Doc-Start}{slide-5}{}% 2
\BOOKMARK [2][-]{Doc-Start}{unit_401}{}% 3
\BOOKMARK [1][-]{Doc-Start}{Knowledge\040of\040Mind}{}% 4
\BOOKMARK [2][-]{section*.1}{slide-7}{Doc-Start}% 5
\BOOKMARK [2][-]{section*.1}{slide-10}{Doc-Start}% 6
\BOOKMARK [2][-]{section*.1}{slide-11}{Doc-Start}% 7
\BOOKMARK [2][-]{section*.1}{slide-14}{Doc-Start}% 8
\BOOKMARK [2][-]{section*.1}{slide-18}{Doc-Start}% 9
\BOOKMARK [2][-]{section*.1}{slide-19}{Doc-Start}% 10
\BOOKMARK [2][-]{section*.1}{maxi_story}{Doc-Start}% 11
\BOOKMARK [2][-]{section*.1}{slide-24}{Doc-Start}% 12
\BOOKMARK [2][-]{section*.1}{slide-25}{Doc-Start}% 13
\BOOKMARK [2][-]{section*.1}{slide-26}{Doc-Start}% 14
\BOOKMARK [2][-]{section*.1}{slide-27}{Doc-Start}% 15
\BOOKMARK [2][-]{section*.1}{slide-28}{Doc-Start}% 16
\BOOKMARK [2][-]{section*.1}{slide-29}{Doc-Start}% 17
\BOOKMARK [2][-]{section*.1}{slide-30}{Doc-Start}% 18
\BOOKMARK [2][-]{section*.1}{slide-31}{Doc-Start}% 19
\BOOKMARK [2][-]{section*.1}{slide-32}{Doc-Start}% 20
\BOOKMARK [2][-]{section*.1}{unit_411}{Doc-Start}% 21
\BOOKMARK [1][-]{section*.1}{Mindreading:\040First\040Puzzle}{}% 22
\BOOKMARK [2][-]{section*.2}{slide-34}{section*.1}% 23
\BOOKMARK [2][-]{section*.2}{slide-35}{section*.1}% 24
\BOOKMARK [2][-]{section*.2}{slide-40}{section*.1}% 25
\BOOKMARK [2][-]{section*.2}{slide-92}{section*.1}% 26
\BOOKMARK [2][-]{section*.2}{slide-93}{section*.1}% 27
\BOOKMARK [2][-]{section*.2}{slide-94}{section*.1}% 28
\BOOKMARK [2][-]{section*.2}{unit_421}{section*.1}% 29
\BOOKMARK [1][-]{section*.2}{Mindreading:\040Second\040Puzzle}{}% 30
\BOOKMARK [2][-]{section*.3}{slide-113}{section*.2}% 31
\BOOKMARK [2][-]{section*.3}{slide-114}{section*.2}% 32
\BOOKMARK [2][-]{section*.3}{unit_431}{section*.2}% 33
\BOOKMARK [1][-]{section*.3}{Modules\040and\040Cognitive\040Efficiency}{}% 34
\BOOKMARK [2][-]{section*.4}{slide-121}{section*.3}% 35
\BOOKMARK [2][-]{section*.4}{slide-122}{section*.3}% 36
\BOOKMARK [2][-]{section*.4}{slide-126}{section*.3}% 37
\BOOKMARK [2][-]{section*.4}{slide-129}{section*.3}% 38
\BOOKMARK [2][-]{section*.4}{slide-130}{section*.3}% 39
\BOOKMARK [2][-]{section*.4}{unit_441}{section*.3}% 40
\BOOKMARK [1][-]{section*.4}{Minimal\040Theory\040of\040Mind}{}% 41
\BOOKMARK [2][-]{section*.5}{unit_451}{section*.4}% 42
\BOOKMARK [1][-]{section*.5}{Signature\040Limits\040Generate\040Predictions}{}% 43
\BOOKMARK [2][-]{section*.6}{slide-173}{section*.5}% 44
\BOOKMARK [2][-]{section*.6}{slide-174}{section*.5}% 45
\BOOKMARK [2][-]{section*.6}{slide-175}{section*.5}% 46
\BOOKMARK [2][-]{section*.6}{slide-176}{section*.5}% 47
