\BOOKMARK [2][-]{Doc-Start}{slide-3}{}% 1
\BOOKMARK [2][-]{Doc-Start}{slide-4}{}% 2
\BOOKMARK [2][-]{Doc-Start}{slide-5}{}% 3
\BOOKMARK [2][-]{Doc-Start}{unit_501}{}% 4
\BOOKMARK [1][-]{Doc-Start}{Communication\040with\040Words:\040A\040Question}{}% 5
\BOOKMARK [2][-]{section*.1}{slide-7}{Doc-Start}% 6
\BOOKMARK [2][-]{section*.1}{slide-8}{Doc-Start}% 7
\BOOKMARK [2][-]{section*.1}{slide-9}{Doc-Start}% 8
\BOOKMARK [2][-]{section*.1}{slide-10}{Doc-Start}% 9
\BOOKMARK [2][-]{section*.1}{slide-11}{Doc-Start}% 10
\BOOKMARK [2][-]{section*.1}{slide-12}{Doc-Start}% 11
\BOOKMARK [2][-]{section*.1}{unit_506}{Doc-Start}% 12
\BOOKMARK [1][-]{section*.1}{Preview:\040Shipwreck\040Survivor\040vs\040Lab\040Rat}{}% 13
\BOOKMARK [2][-]{section*.2}{slide-16}{section*.1}% 14
\BOOKMARK [2][-]{section*.2}{slide-26}{section*.1}% 15
\BOOKMARK [2][-]{section*.2}{slide-27}{section*.1}% 16
\BOOKMARK [2][-]{section*.2}{slide-33}{section*.1}% 17
\BOOKMARK [2][-]{section*.2}{slide-34}{section*.1}% 18
\BOOKMARK [2][-]{section*.2}{slide-35}{section*.1}% 19
\BOOKMARK [2][-]{section*.2}{unit_511}{section*.1}% 20
\BOOKMARK [1][-]{section*.2}{Does\040being\040able\040to\040think\040depend\040on\040being\040able\040to\040communicate\040with\040language?}{}% 21
\BOOKMARK [2][-]{section*.3}{slide-37}{section*.2}% 22
\BOOKMARK [2][-]{section*.3}{slide-39}{section*.2}% 23
\BOOKMARK [2][-]{section*.3}{slide-41}{section*.2}% 24
\BOOKMARK [2][-]{section*.3}{slide-45}{section*.2}% 25
\BOOKMARK [2][-]{section*.3}{slide-46}{section*.2}% 26
\BOOKMARK [2][-]{section*.3}{slide-49}{section*.2}% 27
\BOOKMARK [2][-]{section*.3}{slide-50}{section*.2}% 28
\BOOKMARK [2][-]{section*.3}{slide-51}{section*.2}% 29
\BOOKMARK [2][-]{section*.3}{slide-53}{section*.2}% 30
\BOOKMARK [2][-]{section*.3}{slide-56}{section*.2}% 31
\BOOKMARK [2][-]{section*.3}{slide-59}{section*.2}% 32
\BOOKMARK [2][-]{section*.3}{slide-60}{section*.2}% 33
\BOOKMARK [2][-]{section*.3}{slide-61}{section*.2}% 34
\BOOKMARK [2][-]{section*.3}{slide-62}{section*.2}% 35
\BOOKMARK [2][-]{section*.3}{slide-63}{section*.2}% 36
\BOOKMARK [2][-]{section*.3}{slide-65}{section*.2}% 37
\BOOKMARK [2][-]{section*.3}{unit_521}{section*.2}% 38
\BOOKMARK [1][-]{section*.3}{Training}{}% 39
\BOOKMARK [2][-]{section*.4}{slide-67}{section*.3}% 40
\BOOKMARK [2][-]{section*.4}{slide-69}{section*.3}% 41
\BOOKMARK [2][-]{section*.4}{slide-70}{section*.3}% 42
\BOOKMARK [2][-]{section*.4}{slide-73}{section*.3}% 43
\BOOKMARK [2][-]{section*.4}{slide-74}{section*.3}% 44
\BOOKMARK [2][-]{section*.4}{slide-80}{section*.3}% 45
\BOOKMARK [2][-]{section*.4}{slide-81}{section*.3}% 46
\BOOKMARK [2][-]{section*.4}{slide-83}{section*.3}% 47
\BOOKMARK [2][-]{section*.4}{unit_531}{section*.3}% 48
\BOOKMARK [1][-]{section*.4}{Understanding}{}% 49
\BOOKMARK [2][-]{section*.5}{slide-87}{section*.4}% 50
\BOOKMARK [2][-]{section*.5}{slide-90}{section*.4}% 51
\BOOKMARK [2][-]{section*.5}{slide-91}{section*.4}% 52
\BOOKMARK [2][-]{section*.5}{slide-96}{section*.4}% 53
\BOOKMARK [2][-]{section*.5}{slide-97}{section*.4}% 54
\BOOKMARK [2][-]{section*.5}{unit_541}{section*.4}% 55
\BOOKMARK [1][-]{section*.5}{Creativity}{}% 56
\BOOKMARK [2][-]{section*.6}{slide-100}{section*.5}% 57
\BOOKMARK [2][-]{section*.6}{slide-108}{section*.5}% 58
\BOOKMARK [2][-]{section*.6}{slide-109}{section*.5}% 59
\BOOKMARK [2][-]{section*.6}{slide-110}{section*.5}% 60
\BOOKMARK [2][-]{section*.6}{slide-111}{section*.5}% 61
\BOOKMARK [2][-]{section*.6}{slide-112}{section*.5}% 62
\BOOKMARK [2][-]{section*.6}{slide-113}{section*.5}% 63
\BOOKMARK [2][-]{section*.6}{slide-114}{section*.5}% 64
\BOOKMARK [2][-]{section*.6}{slide-115}{section*.5}% 65
\BOOKMARK [2][-]{section*.6}{slide-121}{section*.5}% 66
\BOOKMARK [2][-]{section*.6}{slide-122}{section*.5}% 67
\BOOKMARK [2][-]{section*.6}{slide-127}{section*.5}% 68
\BOOKMARK [2][-]{section*.6}{slide-131}{section*.5}% 69
\BOOKMARK [2][-]{section*.6}{slide-134}{section*.5}% 70
\BOOKMARK [2][-]{section*.6}{slide-135}{section*.5}% 71
\BOOKMARK [2][-]{section*.6}{slide-136}{section*.5}% 72
\BOOKMARK [2][-]{section*.6}{slide-137}{section*.5}% 73
\BOOKMARK [2][-]{section*.6}{unit_551}{section*.5}% 74
\BOOKMARK [1][-]{section*.6}{Mapping\040words\040to\040concepts}{}% 75
\BOOKMARK [2][-]{section*.7}{slide-139}{section*.6}% 76
\BOOKMARK [2][-]{section*.7}{slide-140}{section*.6}% 77
\BOOKMARK [2][-]{section*.7}{slide-146}{section*.6}% 78
\BOOKMARK [2][-]{section*.7}{slide-147}{section*.6}% 79
\BOOKMARK [2][-]{section*.7}{slide-149}{section*.6}% 80
\BOOKMARK [2][-]{section*.7}{slide-150}{section*.6}% 81
\BOOKMARK [2][-]{section*.7}{slide-151}{section*.6}% 82
\BOOKMARK [2][-]{section*.7}{slide-152}{section*.6}% 83
\BOOKMARK [2][-]{section*.7}{slide-153}{section*.6}% 84
\BOOKMARK [2][-]{section*.7}{slide-155}{section*.6}% 85
\BOOKMARK [2][-]{section*.7}{slide-156}{section*.6}% 86
\BOOKMARK [2][-]{section*.7}{slide-157}{section*.6}% 87
\BOOKMARK [2][-]{section*.7}{slide-159}{section*.6}% 88
\BOOKMARK [2][-]{section*.7}{slide-161}{section*.6}% 89
\BOOKMARK [2][-]{section*.7}{slide-162}{section*.6}% 90
\BOOKMARK [2][-]{section*.7}{slide-164}{section*.6}% 91
\BOOKMARK [2][-]{section*.7}{slide-167}{section*.6}% 92
\BOOKMARK [2][-]{section*.7}{unit_561}{section*.6}% 93
\BOOKMARK [1][-]{section*.7}{Summary}{}% 94
\BOOKMARK [2][-]{section*.8}{slide-172}{section*.7}% 95
\BOOKMARK [2][-]{section*.8}{slide-175}{section*.7}% 96
\BOOKMARK [2][-]{section*.8}{slide-183}{section*.7}% 97
\BOOKMARK [2][-]{section*.8}{slide-184}{section*.7}% 98
\BOOKMARK [2][-]{section*.8}{slide-185}{section*.7}% 99
\BOOKMARK [2][-]{section*.8}{unit_571}{section*.7}% 100
\BOOKMARK [1][-]{section*.8}{Appendix:\040Grice/Tomasello\040\(optional\)}{}% 101
\BOOKMARK [2][-]{section*.9}{slide-187}{section*.8}% 102
\BOOKMARK [2][-]{section*.9}{slide-188}{section*.8}% 103
\BOOKMARK [2][-]{section*.9}{slide-189}{section*.8}% 104
\BOOKMARK [2][-]{section*.9}{slide-193}{section*.8}% 105
\BOOKMARK [2][-]{section*.9}{slide-197}{section*.8}% 106
\BOOKMARK [2][-]{section*.9}{slide-199}{section*.8}% 107
